#
# A fatal error has been detected by the Java Runtime Environment:
#
#  EXCEPTION_ACCESS_VIOLATION (0xc0000005) at pc=0x00000000684d9575, pid=1100336, tid=0x000000000010ca8c
#
# JRE version: Java(TM) SE Runtime Environment (8.0_92-b14) (build 1.8.0_92-b14)
# Java VM: Java HotSpot(TM) 64-Bit Server VM (25.92-b14 mixed mode windows-amd64 compressed oops)
# Problematic frame:
# V  [jvm.dll+0x129575]
#
# Failed to write core dump. Minidumps are not enabled by default on client versions of Windows
#
# If you would like to submit a bug report, please visit:
#   http://bugreport.java.com/bugreport/crash.jsp
#

---------------  T H R E A D  ---------------

Current thread (0x000000001bdda000):  JavaThread "JDWP Transport Listener: dt_socket" daemon [_thread_in_vm, id=1100428, stack(0x000000001d790000,0x000000001d890000)]

siginfo: ExceptionCode=0xc0000005, reading address 0xffffffffffffffff

Registers:
RAX=0x000000001d88f601, RBX=0x000000001bdda000, RCX=0x003b79726f74003b, RDX=0x0000000000000000
RSP=0x000000001d88f670, RBP=0x003b79726f74003b, RSI=0x000000001d88f788, RDI=0x0000000000d6bc40
R8 =0x000000001bdda000, R9 =0x0000000000000001, R10=0x0000000000d000f0, R11=0x000000001d88f5c0
R12=0x0000000000000000, R13=0x000000001bde4b58, R14=0x0000000000000000, R15=0x0000000000000000
RIP=0x00000000684d9575, EFLAGS=0x0000000000010202

Top of Stack: (sp=0x000000001d88f670)
0x000000001d88f670:   000000001bdda000 000000001bdda000
0x000000001d88f680:   000000001d88f738 00000000686dfbab
0x000000001d88f690:   000000001bdda000 00000000686fc40d
0x000000001d88f6a0:   0000000000000000 0000000068fe9155
0x000000001d88f6b0:   000000001df1d620 0000000068ff291e
0x000000001d88f6c0:   000000001bdda000 0000000000000000
0x000000001d88f6d0:   0000000000000000 0000000000000000
0x000000001d88f6e0:   003b79726f74003b 0000000068ff1a15
0x000000001d88f6f0:   000000001d88f788 000000001d88f760
0x000000001d88f700:   0000000000000001 000000001df1d620
0x000000001d88f710:   003b79726f74003b 0000000068fd53b3
0x000000001d88f720:   000000001d88f850 0000000000000001
0x000000001d88f730:   0000000000000001 000000001df1d620
0x000000001d88f740:   0000000000000001 0000000000000000
0x000000001d88f750:   0000000000000000 0000000000000000
0x000000001d88f760:   0000000000000001 0000000068fd5571 

Instructions: (pc=0x00000000684d9575)
0x00000000684d9555:   cc cc cc cc cc cc cc cc cc cc cc 48 83 ec 28 48
0x00000000684d9565:   85 c9 75 07 33 c0 48 83 c4 28 c3 48 89 5c 24 20
0x00000000684d9575:   48 8b 19 48 85 db 74 20 48 83 fb 37 74 1a 48 8b
0x00000000684d9585:   13 48 8b cb ff 52 10 84 c0 74 0d 48 8b c3 48 8b 


Register to memory mapping:

RAX=0x000000001d88f601 is pointing into the stack for thread: 0x000000001bdda000
RBX=0x000000001bdda000 is a thread
RCX=0x003b79726f74003b is an unknown value
RDX=0x0000000000000000 is an unknown value
RSP=0x000000001d88f670 is pointing into the stack for thread: 0x000000001bdda000
RBP=0x003b79726f74003b is an unknown value
RSI=0x000000001d88f788 is pointing into the stack for thread: 0x000000001bdda000
RDI=0x0000000000d6bc40 is an unknown value
R8 =0x000000001bdda000 is a thread
R9 =0x0000000000000001 is an unknown value
R10=0x0000000000d000f0 is an unknown value
R11=0x000000001d88f5c0 is pointing into the stack for thread: 0x000000001bdda000
R12=0x0000000000000000 is an unknown value
R13=0x000000001bde4b58 is an unknown value
R14=0x0000000000000000 is an unknown value
R15=0x0000000000000000 is an unknown value


Stack: [0x000000001d790000,0x000000001d890000],  sp=0x000000001d88f670,  free space=1021k
Native frames: (J=compiled Java code, j=interpreted, Vv=VM code, C=native code)
V  [jvm.dll+0x129575]
V  [jvm.dll+0x34c40d]
C  [jdwp.dll+0x21a15]
C  [jdwp.dll+0x53b3]
C  [jdwp.dll+0x5571]
C  [jdwp.dll+0xf0a8]
C  [jdwp.dll+0x1f2d5]
C  [jdwp.dll+0x1f4aa]
V  [jvm.dll+0x1bc3e8]
V  [jvm.dll+0x244314]
V  [jvm.dll+0x29b34a]
C  [msvcr100.dll+0x21d9f]
C  [msvcr100.dll+0x21e3b]
C  [KERNEL32.DLL+0x17c24]
C  [ntdll.dll+0x6d4d1]


---------------  P R O C E S S  ---------------

Java Threads: ( => current thread )
  0x000000001e4ea000 JavaThread "ReaderThread" [_thread_in_native, id=1100516, stack(0x000000001eb90000,0x000000001ec90000)]
  0x000000001dbfc000 JavaThread "Service Thread" daemon [_thread_blocked, id=1100468, stack(0x000000001e190000,0x000000001e290000)]
  0x000000001dbab800 JavaThread "C1 CompilerThread2" daemon [_thread_blocked, id=1100464, stack(0x000000001e090000,0x000000001e190000)]
  0x000000001dbab000 JavaThread "C2 CompilerThread1" daemon [_thread_blocked, id=1100460, stack(0x000000001df90000,0x000000001e090000)]
  0x000000001bdf7000 JavaThread "C2 CompilerThread0" daemon [_thread_blocked, id=1100456, stack(0x000000001da90000,0x000000001db90000)]
  0x000000001bdeb800 JavaThread "JDWP Command Reader" daemon [_thread_in_native, id=1100444, stack(0x000000001d990000,0x000000001da90000)]
  0x000000001bdea800 JavaThread "JDWP Event Helper Thread" daemon [_thread_blocked, id=1100440, stack(0x000000001d890000,0x000000001d990000)]
=>0x000000001bdda000 JavaThread "JDWP Transport Listener: dt_socket" daemon [_thread_in_vm, id=1100428, stack(0x000000001d790000,0x000000001d890000)]
  0x000000001bdd2000 JavaThread "Attach Listener" daemon [_thread_blocked, id=1100420, stack(0x000000001d350000,0x000000001d450000)]
  0x000000001bdd1000 JavaThread "Signal Dispatcher" daemon [_thread_blocked, id=1100416, stack(0x000000001d250000,0x000000001d350000)]
  0x000000001bdba000 JavaThread "Finalizer" daemon [_thread_blocked, id=1100404, stack(0x000000001d040000,0x000000001d140000)]
  0x00000000027b3800 JavaThread "Reference Handler" daemon [_thread_blocked, id=1100400, stack(0x000000001cf40000,0x000000001d040000)]
  0x00000000026c3800 JavaThread "main" [_thread_blocked, id=1100376, stack(0x00000000025c0000,0x00000000026c0000)]

Other Threads:
  0x000000001bd98000 VMThread [stack: 0x000000001ce40000,0x000000001cf40000] [id=1100396]
  0x000000001dc02800 WatcherThread [stack: 0x000000001e290000,0x000000001e390000] [id=1100472]

VM state:not at safepoint (normal execution)

VM Mutex/Monitor currently owned by a thread: None

Heap:
 PSYoungGen      total 76288K, used 24907K [0x000000076b180000, 0x0000000770680000, 0x00000007c0000000)
  eden space 65536K, 38% used [0x000000076b180000,0x000000076c9d2f88,0x000000076f180000)
  from space 10752K, 0% used [0x000000076fc00000,0x000000076fc00000,0x0000000770680000)
  to   space 10752K, 0% used [0x000000076f180000,0x000000076f180000,0x000000076fc00000)
 ParOldGen       total 175104K, used 0K [0x00000006c1400000, 0x00000006cbf00000, 0x000000076b180000)
  object space 175104K, 0% used [0x00000006c1400000,0x00000006c1400000,0x00000006cbf00000)
 Metaspace       used 9026K, capacity 9722K, committed 9856K, reserved 1058816K
  class space    used 1124K, capacity 1287K, committed 1408K, reserved 1048576K

Card table byte_map: [0x0000000011b80000,0x0000000012380000] byte_map_base: 0x000000000e576000

Marking Bits: (ParMarkBitMap*) 0x0000000068bc64f0
 Begin Bits: [0x0000000012cd0000, 0x0000000016c80000)
 End Bits:   [0x0000000016c80000, 0x000000001ac30000)

Polling page: 0x0000000000d20000

CodeCache: size=245760Kb used=3739Kb max_used=3755Kb free=242020Kb
 bounds [0x00000000027c0000, 0x0000000002b70000, 0x00000000117c0000]
 total_blobs=1318 nmethods=999 adapters=240
 compilation: enabled

Compilation events (10 events):
Event: 1.227 Thread 0x000000001dbab800 nmethod 994 0x0000000002b59950 code [0x0000000002b59aa0, 0x0000000002b59c50]
Event: 1.229 Thread 0x000000001dbab800  995       3       java.util.ArrayList::toArray (12 bytes)
Event: 1.229 Thread 0x000000001dbab800 nmethod 995 0x0000000002b59cd0 code [0x0000000002b59e40, 0x0000000002b5a0e8]
Event: 1.230 Thread 0x000000001dbab800  997       3       jdk.internal.org.objectweb.asm.MethodWriter::visitFieldInsn (248 bytes)
Event: 1.231 Thread 0x000000001dbab800 nmethod 997 0x0000000002b5a590 code [0x0000000002b5a780, 0x0000000002b5b078]
Event: 1.231 Thread 0x000000001dbab800  998       3       jdk.internal.org.objectweb.asm.ClassWriter::newFieldItem (77 bytes)
Event: 1.232 Thread 0x000000001dbab800 nmethod 998 0x0000000002b5b4d0 code [0x0000000002b5b6c0, 0x0000000002b5bcd8]
Event: 1.232 Thread 0x000000001dbab800  999       3       org.junit.platform.commons.util.Preconditions::notNull (15 bytes)
Event: 1.232 Thread 0x000000001dbab800 nmethod 999 0x0000000002b5c150 code [0x0000000002b5c2e0, 0x0000000002b5c798]
Event: 1.347 Thread 0x000000001bdf7000 nmethod 935 0x0000000002b63b90 code [0x0000000002b63f00, 0x0000000002b68388]

GC Heap History (0 events):
No events

Deoptimization events (7 events):
Event: 0.348 Thread 0x00000000026c3800 Uncommon trap: reason=unstable_if action=reinterpret pc=0x00000000028f1a44 method=java.lang.String.hashCode()I @ 14
Event: 0.901 Thread 0x00000000026c3800 Uncommon trap: reason=class_check action=maybe_recompile pc=0x0000000002a94328 method=java.util.HashMap.putVal(ILjava/lang/Object;Ljava/lang/Object;ZZ)Ljava/lang/Object; @ 253
Event: 0.902 Thread 0x00000000026c3800 Uncommon trap: reason=unstable_if action=reinterpret pc=0x0000000002a9d8d0 method=java.util.HashMap.getNode(ILjava/lang/Object;)Ljava/util/HashMap$Node; @ 129
Event: 0.908 Thread 0x00000000026c3800 Uncommon trap: reason=class_check action=maybe_recompile pc=0x0000000002a94328 method=java.util.HashMap.putVal(ILjava/lang/Object;Ljava/lang/Object;ZZ)Ljava/lang/Object; @ 253
Event: 1.058 Thread 0x00000000026c3800 Uncommon trap: reason=class_check action=maybe_recompile pc=0x0000000002a94328 method=java.util.HashMap.putVal(ILjava/lang/Object;Ljava/lang/Object;ZZ)Ljava/lang/Object; @ 253
Event: 1.059 Thread 0x00000000026c3800 Uncommon trap: reason=class_check action=maybe_recompile pc=0x0000000002a94328 method=java.util.HashMap.putVal(ILjava/lang/Object;Ljava/lang/Object;ZZ)Ljava/lang/Object; @ 253
Event: 1.195 Thread 0x00000000026c3800 Uncommon trap: reason=unstable_if action=reinterpret pc=0x0000000002b09000 method=jdk.internal.org.objectweb.asm.Type.getArgumentsAndReturnSizes(Ljava/lang/String;)I @ 88

Internal exceptions (10 events):
Event: 0.598 Thread 0x00000000026c3800 Exception <a 'java/security/PrivilegedActionException'> (0x000000076ba1dc20) thrown at [D:\re\workspace\8-2-build-windows-amd64-cygwin\jdk8u92\6642\hotspot\src\share\vm\prims\jvm.cpp, line 1386]
Event: 0.769 Thread 0x00000000026c3800 Exception <a 'java/lang/NoSuchMethodError': java.lang.Object.lambda$or$2(Ljava/util/function/Predicate;Ljava/lang/Object;)Z> (0x000000076c060428) thrown at [D:\re\workspace\8-2-build-windows-amd64-cygwin\jdk8u92\6642\hotspot\src\share\vm\interpreter\linkReÒöù9OFê?
Event: 0.821 Thread 0x00000000026c3800 Exception <a 'java/lang/IncompatibleClassChangeError': Found class java.lang.Object, but interface was expected> (0x000000076c18d1f0) thrown at [D:\re\workspace\8-2-build-windows-amd64-cygwin\jdk8u92\6642\hotspot\src\share\vm\interpreter\linkResolver.cpp, °ÆÙt°ë?
Event: 0.865 Thread 0x00000000026c3800 Exception <a 'java/lang/NoSuchMethodError': java.lang.Object.lambda$andThen$1(Ljava/util/function/Function;Ljava/lang/Object;)Ljava/lang/Object;> (0x000000076c26b6d8) thrown at [D:\re\workspace\8-2-build-windows-amd64-cygwin\jdk8u92\6642\hotspot\src\share\Ùb(Ì`í?
Event: 0.918 Thread 0x00000000026c3800 Exception <a 'java/lang/IncompatibleClassChangeError': Found class java.lang.Object, but interface was expected> (0x000000076c384960) thrown at [D:\re\workspace\8-2-build-windows-amd64-cygwin\jdk8u92\6642\hotspot\src\share\vm\interpreter\linkResolver.cpp, sg&Îuí?
Event: 0.921 Thread 0x00000000026c3800 Exception <a 'java/lang/NoSuchMethodError': java.lang.Object.lambda$accept$0(Lorg/junit/platform/engine/TestDescriptor$Visitor;Lorg/junit/platform/engine/TestDescriptor;)V> (0x000000076c38c268) thrown at [D:\re\workspace\8-2-build-windows-amd64-cygwin\jdk8ìšÚc3‘í?
Event: 0.924 Thread 0x00000000026c3800 Exception <a 'java/lang/NoSuchMethodError': java.lang.Object.containsTests(Lorg/junit/platform/engine/TestDescriptor;)Z> (0x000000076c3961e0) thrown at [D:\re\workspace\8-2-build-windows-amd64-cygwin\jdk8u92\6642\hotspot\src\share\vm\interpreter\linkResolv˜©¤©ùÅï?
Event: 0.993 Thread 0x00000000026c3800 Exception <a 'java/lang/NoSuchMethodError': java.lang.Object.lambda$adaptFilter$0(Lorg/junit/platform/engine/Filter;Ljava/util/function/Function;Ljava/lang/Object;)Lorg/junit/platform/engine/FilterResult;> (0x000000076c480c90) thrown at [D:\re\workspace\8-
Event: 0.998 Thread 0x00000000026c3800 Exception <a 'java/lang/NoSuchMethodError': java.lang.Object.lambda$toPredicate$1(Ljava/lang/Object;)Z> (0x000000076c490648) thrown at [D:\re\workspace\8-2-build-windows-amd64-cygwin\jdk8u92\6642\hotspot\src\share\vm\interpreter\linkResolver.cpp, line 582]áyN&ð?
Event: 1.002 Thread 0x00000000026c3800 Exception <a 'java/lang/NoSuchMethodError': java.lang.Object.lambda$and$0(Ljava/util/function/Predicate;Ljava/lang/Object;)Z> (0x000000076c4930a8) thrown at [D:\re\workspace\8-2-build-windows-amd64-cygwin\jdk8u92\6642\hotspot\src\share\vm\interpreter\linkR–T~N&ã?

Events (10 events):
Event: 865.337 Executing VM operation: GetOrSetLocal
Event: 865.337 Executing VM operation: GetOrSetLocal done
Event: 865.337 Executing VM operation: GetOrSetLocal
Event: 865.337 Executing VM operation: GetOrSetLocal done
Event: 865.347 Executing VM operation: GetOrSetLocal
Event: 865.347 Executing VM operation: GetOrSetLocal done
Event: 865.347 Executing VM operation: GetOrSetLocal
Event: 865.347 Executing VM operation: GetOrSetLocal done
Event: 972.132 Executing VM operation: RedefineClasses
Event: 972.137 Executing VM operation: RedefineClasses done


Dynamic libraries:
0x00007ff723490000 - 0x00007ff7234c7000 	C:\Program Files\Java\jre1.8.0_92\bin\javaw.exe
0x00007ffc016c0000 - 0x00007ffc018b0000 	C:\WINDOWS\SYSTEM32\ntdll.dll
0x00007ffc012b0000 - 0x00007ffc01362000 	C:\WINDOWS\System32\KERNEL32.DLL
0x00007ffbfe760000 - 0x00007ffbfea05000 	C:\WINDOWS\System32\KERNELBASE.dll
0x00007ffc013d0000 - 0x00007ffc01473000 	C:\WINDOWS\System32\ADVAPI32.dll
0x00007ffc00310000 - 0x00007ffc003ae000 	C:\WINDOWS\System32\msvcrt.dll
0x00007ffc015e0000 - 0x00007ffc01677000 	C:\WINDOWS\System32\sechost.dll
0x00007ffbff9b0000 - 0x00007ffbffacf000 	C:\WINDOWS\System32\RPCRT4.dll
0x00007ffc003b0000 - 0x00007ffc00544000 	C:\WINDOWS\System32\USER32.dll
0x00007ffbfeab0000 - 0x00007ffbfead1000 	C:\WINDOWS\System32\win32u.dll
0x00007ffc000a0000 - 0x00007ffc000c6000 	C:\WINDOWS\System32\GDI32.dll
0x00007ffbff5d0000 - 0x00007ffbff768000 	C:\WINDOWS\System32\gdi32full.dll
0x00007ffbfea10000 - 0x00007ffbfeaae000 	C:\WINDOWS\System32\msvcp_win.dll
0x00007ffbfe660000 - 0x00007ffbfe75a000 	C:\WINDOWS\System32\ucrtbase.dll
0x00007ffbebff0000 - 0x00007ffbec274000 	C:\WINDOWS\WinSxS\amd64_microsoft.windows.common-controls_6595b64144ccf1df_6.0.18362.1316_none_9e7a364fe461dbd7\COMCTL32.dll
0x00007ffc00e00000 - 0x00007ffc01137000 	C:\WINDOWS\System32\combase.dll
0x00007ffbff460000 - 0x00007ffbff4e1000 	C:\WINDOWS\System32\bcryptPrimitives.dll
0x00007ffbff980000 - 0x00007ffbff9ae000 	C:\WINDOWS\System32\IMM32.DLL
0x0000000068c50000 - 0x0000000068d22000 	C:\Program Files\Java\jre1.8.0_92\bin\msvcr100.dll
0x00000000683b0000 - 0x0000000068c46000 	C:\Program Files\Java\jre1.8.0_92\bin\server\jvm.dll
0x00007ffc012a0000 - 0x00007ffc012a8000 	C:\WINDOWS\System32\PSAPI.DLL
0x00007ffbee3a0000 - 0x00007ffbee3a9000 	C:\WINDOWS\SYSTEM32\WSOCK32.dll
0x00007ffc006a0000 - 0x00007ffc0070f000 	C:\WINDOWS\System32\WS2_32.dll
0x00007ffbfb420000 - 0x00007ffbfb444000 	C:\WINDOWS\SYSTEM32\WINMM.dll
0x00007ffbee3f0000 - 0x00007ffbee3fa000 	C:\WINDOWS\SYSTEM32\VERSION.dll
0x00007ffbfb3f0000 - 0x00007ffbfb41d000 	C:\WINDOWS\SYSTEM32\WINMMBASE.dll
0x00007ffbff410000 - 0x00007ffbff45a000 	C:\WINDOWS\System32\cfgmgr32.dll
0x000000006a290000 - 0x000000006a29f000 	C:\Program Files\Java\jre1.8.0_92\bin\verify.dll
0x000000006a260000 - 0x000000006a289000 	C:\Program Files\Java\jre1.8.0_92\bin\java.dll
0x0000000068fd0000 - 0x0000000069005000 	C:\Program Files\Java\jre1.8.0_92\bin\jdwp.dll
0x0000000068fc0000 - 0x0000000068fc8000 	C:\Program Files\Java\jre1.8.0_92\bin\npt.dll
0x0000000068390000 - 0x00000000683a6000 	C:\Program Files\Java\jre1.8.0_92\bin\zip.dll
0x00007ffc00710000 - 0x00007ffc00df8000 	C:\WINDOWS\System32\SHELL32.dll
0x00007ffc01530000 - 0x00007ffc015d7000 	C:\WINDOWS\System32\shcore.dll
0x00007ffbfec30000 - 0x00007ffbff3ab000 	C:\WINDOWS\System32\windows.storage.dll
0x00007ffbfe610000 - 0x00007ffbfe633000 	C:\WINDOWS\System32\profapi.dll
0x00007ffbfe5a0000 - 0x00007ffbfe5ea000 	C:\WINDOWS\System32\powrprof.dll
0x00007ffbfe570000 - 0x00007ffbfe580000 	C:\WINDOWS\System32\UMPDC.dll
0x00007ffc01370000 - 0x00007ffc013c2000 	C:\WINDOWS\System32\shlwapi.dll
0x00007ffbfe580000 - 0x00007ffbfe591000 	C:\WINDOWS\System32\kernel.appcore.dll
0x00007ffbfe640000 - 0x00007ffbfe657000 	C:\WINDOWS\System32\cryptsp.dll
0x0000000068fb0000 - 0x0000000068fb9000 	C:\Program Files\Java\jre1.8.0_92\bin\dt_socket.dll
0x00007ffbea090000 - 0x00007ffbea0a6000 	C:\WINDOWS\system32\napinsp.dll
0x00007ffbe9f70000 - 0x00007ffbe9f8a000 	C:\WINDOWS\system32\pnrpnsp.dll
0x00007ffbfdd50000 - 0x00007ffbfddb7000 	C:\WINDOWS\System32\mswsock.dll
0x00007ffbfdaa0000 - 0x00007ffbfdb6b000 	C:\WINDOWS\SYSTEM32\DNSAPI.dll
0x00007ffc00300000 - 0x00007ffc00308000 	C:\WINDOWS\System32\NSI.dll
0x00007ffbfda60000 - 0x00007ffbfda9a000 	C:\WINDOWS\SYSTEM32\IPHLPAPI.DLL
0x00007ffbe8230000 - 0x00007ffbe823e000 	C:\WINDOWS\System32\winrnr.dll
0x00007ffbfa860000 - 0x00007ffbfa87c000 	C:\WINDOWS\system32\NLAapi.dll
0x00007ffbe80a0000 - 0x00007ffbe80b5000 	C:\WINDOWS\system32\wshbth.dll
0x00007ffbf5cd0000 - 0x00007ffbf5d47000 	C:\WINDOWS\System32\fwpuclnt.dll
0x00007ffbff5a0000 - 0x00007ffbff5c6000 	C:\WINDOWS\System32\bcrypt.dll
0x00007ffbf33d0000 - 0x00007ffbf33da000 	C:\Windows\System32\rasadhlp.dll
0x0000000068370000 - 0x000000006838a000 	C:\Program Files\Java\jre1.8.0_92\bin\net.dll
0x0000000068350000 - 0x0000000068361000 	C:\Program Files\Java\jre1.8.0_92\bin\nio.dll
0x00007ffbfccb0000 - 0x00007ffbfcea4000 	C:\WINDOWS\SYSTEM32\dbghelp.dll

VM Arguments:
jvm_args: -agentlib:jdwp=transport=dt_socket,suspend=y,address=localhost:51077 -ea -Dfile.encoding=Cp1252 
java_command: org.eclipse.jdt.internal.junit.runner.RemoteTestRunner -version 3 -port 51076 -testLoaderClass org.eclipse.jdt.internal.junit5.runner.JUnit5TestLoader -loaderpluginname org.eclipse.jdt.junit5.runtime -classNames service.BowllingInputReaderImplTest
java_class_path (initial): C:\Program Files\Java\jre1.8.0_92\lib\resources.jar;C:\Program Files\Java\jre1.8.0_92\lib\rt.jar;C:\Program Files\Java\jre1.8.0_92\lib\jsse.jar;C:\Program Files\Java\jre1.8.0_92\lib\jce.jar;C:\Program Files\Java\jre1.8.0_92\lib\charsets.jar;C:\Program Files\Java\jre1.8.0_92\lib\jfr.jar;C:\Program Files\Java\jre1.8.0_92\lib\ext\access-bridge-64.jar;C:\Program Files\Java\jre1.8.0_92\lib\ext\cldrdata.jar;C:\Program Files\Java\jre1.8.0_92\lib\ext\dnsns.jar;C:\Program Files\Java\jre1.8.0_92\lib\ext\dns_sd.jar;C:\Program Files\Java\jre1.8.0_92\lib\ext\jaccess.jar;C:\Program Files\Java\jre1.8.0_92\lib\ext\jfxrt.jar;C:\Program Files\Java\jre1.8.0_92\lib\ext\localedata.jar;C:\Program Files\Java\jre1.8.0_92\lib\ext\nashorn.jar;C:\Program Files\Java\jre1.8.0_92\lib\ext\sunec.jar;C:\Program Files\Java\jre1.8.0_92\lib\ext\sunjce_provider.jar;C:\Program Files\Java\jre1.8.0_92\lib\ext\sunmscapi.jar;C:\Program Files\Java\jre1.8.0_92\lib\ext\sunpkcs11.jar;C:\Program Files\Java\jre1.8.0_92\lib\ext\zipfs.jar;C:\Java\desafio\jobsite\challeng\target\test-classes;C:\Java\desafio\jobsite\challeng\target\classes;C:\Java\eclipse\oxygen\plugins\org.junit.jupiter.api_5.0.0.v20170910-2246.jar;C:\Java\eclipse\oxygen\plugins\org.junit.jupiter.engine_5.0.0.v20170910-2246.jar;C:\Java\eclipse\oxygen\plugins\org.junit.jupiter.migrationsupport_5.0.0.v20170910-2246.jar;C:\Java\eclipse\oxygen\plugins\org.junit.jupiter.params_5.0.0.v20170910-2246.jar;C:\Java\eclipse\oxygen\plugins\org.junit.platform.commons_1.0.0.v20170910-2246.jar;C:\Java\eclipse\oxygen\plugins\org.junit.platform.engine_1.0.0.v20170910-2246.jar;C:\Java\eclipse\oxygen\plugins\org.junit.platform.launcher_1.0.0.v20170910-2246.jar;C:\Java\eclipse\oxygen\plugins\org.junit.platform.runner_1.0.0.v20170910-2246.jar;C:\Java\eclipse\oxygen\plugins\org.junit.platform.suite.api_1.0.0.v20170910-2246.jar;C:\Java\eclipse\oxygen\plugins\org.junit.vintage.engine_4.12.0.v20170910-2246.jar;C:\Java\eclipse\oxygen\plugins\org.o
Launcher Type: SUN_STANDARD

Environment Variables:
JAVA_HOME=C:\Program Files\Java\jre1.8.0_92
CLASSPATH=.;C:\Program Files (x86)\QuickTime\QTSystem\QTJava.zip
PATH=C:\ProgramData\Oracle\Java\javapath;C:\Program Files (x86)\Intel\iCLS Client\;C:\Program Files\Intel\iCLS Client\;C:\Windows\system32;C:\Windows;C:\Windows\System32\Wbem;C:\Windows\System32\WindowsPowerShell\v1.0\;C:\Program Files (x86)\Intel\Intel(R) Management Engine Components\DAL;C:\Program Files\Intel\Intel(R) Management Engine Components\DAL;C:\Program Files (x86)\Intel\Intel(R) Management Engine Components\IPT;C:\Program Files\Intel\Intel(R) Management Engine Components\IPT;C:\Program Files (x86)\NVIDIA Corporation\PhysX\Common;C:\Program Files\Java\jdk1.7.0_80\bin;C:\WINDOWS\system32;C:\WINDOWS;C:\WINDOWS\System32\Wbem;C:\WINDOWS\System32\WindowsPowerShell\v1.0\;C:\Program Files (x86)\Windows Live\Shared;C:\Program Files (x86)\QuickTime\QTSystem\;C:\Program Files (x86)\Skype\Phone\;C:\WINDOWS\System32\OpenSSH\;C:\Program Files\Microsoft VS Code\bin;C:\Program Files\Maven\apache-maven-3.6.1\bin;C:\Program Files\Java\jdk1.8.0_92\;C:\npm-global\npm\node_modules\@angular\cli\bin;C:\npm-global\npm;C:\Program Files\nodejs\;C:\Program Files\Git\cmd;C:\Program Files\PuTTY\;C:\Users\levyc\AppData\Local\atom\bin;C:\Program Files\Docker Toolbox;C:\Users\levyc\AppData\Roaming\npm;C:\Program Files\heroku\bin;C:\Users\levyc\AppData\Local\Microsoft\WindowsApps;
USERNAME=levyc
OS=Windows_NT
PROCESSOR_IDENTIFIER=Intel64 Family 6 Model 61 Stepping 4, GenuineIntel



---------------  S Y S T E M  ---------------

OS: Windows 10.0 , 64 bit Build 18362 (10.0.18362.1316)

CPU:total 4 (2 cores per cpu, 2 threads per core) family 6 model 61 stepping 4, cmov, cx8, fxsr, mmx, sse, sse2, sse3, ssse3, sse4.1, sse4.2, popcnt, avx, avx2, aes, clmul, erms, 3dnowpref, lzcnt, ht, tsc, tscinvbit, bmi1, bmi2, adx

Memory: 4k page, physical 16689608k(6240524k free), swap 19179976k(3087616k free)

vm_info: Java HotSpot(TM) 64-Bit Server VM (25.92-b14) for windows-amd64 JRE (1.8.0_92-b14), built on Mar 31 2016 21:03:04 by "java_re" with MS VC++ 10.0 (VS2010)

time: Mon Feb 01 15:54:54 2021
elapsed time: 972 seconds (0d 0h 16m 12s)

